{"/Users/johannesreykdal/Desktop/Vefforritun 2/vef2-2025-v2/src/lib/db.js": {"path":"/Users/johannesreykdal/Desktop/Vefforritun 2/vef2-2025-v2/src/lib/db.js","statementMap":{"0":{"start":{"line":12,"column":4},"end":{"line":12,"column":45}},"1":{"start":{"line":13,"column":4},"end":{"line":13,"column":25}},"2":{"start":{"line":17,"column":9},"end":{"line":17,"column":13}},"3":{"start":{"line":20,"column":4},"end":{"line":20,"column":73}},"4":{"start":{"line":22,"column":4},"end":{"line":25,"column":7}},"5":{"start":{"line":23,"column":6},"end":{"line":23,"column":55}},"6":{"start":{"line":24,"column":6},"end":{"line":24,"column":19}},"7":{"start":{"line":33,"column":4},"end":{"line":36,"column":5}},"8":{"start":{"line":34,"column":6},"end":{"line":34,"column":80}},"9":{"start":{"line":35,"column":6},"end":{"line":35,"column":19}},"10":{"start":{"line":38,"column":4},"end":{"line":46,"column":5}},"11":{"start":{"line":39,"column":6},"end":{"line":39,"column":28}},"12":{"start":{"line":40,"column":6},"end":{"line":40,"column":18}},"13":{"start":{"line":42,"column":6},"end":{"line":42,"column":69}},"14":{"start":{"line":43,"column":6},"end":{"line":43,"column":19}},"15":{"start":{"line":45,"column":6},"end":{"line":45,"column":23}},"16":{"start":{"line":54,"column":4},"end":{"line":57,"column":5}},"17":{"start":{"line":55,"column":6},"end":{"line":55,"column":70}},"18":{"start":{"line":56,"column":6},"end":{"line":56,"column":18}},"19":{"start":{"line":59,"column":4},"end":{"line":65,"column":5}},"20":{"start":{"line":60,"column":21},"end":{"line":60,"column":46}},"21":{"start":{"line":61,"column":6},"end":{"line":61,"column":20}},"22":{"start":{"line":63,"column":6},"end":{"line":63,"column":64}},"23":{"start":{"line":64,"column":6},"end":{"line":64,"column":18}},"24":{"start":{"line":75,"column":19},"end":{"line":75,"column":39}},"25":{"start":{"line":77,"column":4},"end":{"line":79,"column":5}},"26":{"start":{"line":78,"column":6},"end":{"line":78,"column":18}},"27":{"start":{"line":81,"column":4},"end":{"line":89,"column":5}},"28":{"start":{"line":82,"column":21},"end":{"line":82,"column":54}},"29":{"start":{"line":83,"column":6},"end":{"line":83,"column":20}},"30":{"start":{"line":85,"column":6},"end":{"line":85,"column":50}},"31":{"start":{"line":86,"column":6},"end":{"line":86,"column":18}},"32":{"start":{"line":88,"column":6},"end":{"line":88,"column":23}},"33":{"start":{"line":98,"column":19},"end":{"line":101,"column":5}},"34":{"start":{"line":102,"column":4},"end":{"line":105,"column":5}},"35":{"start":{"line":103,"column":6},"end":{"line":103,"column":76}},"36":{"start":{"line":104,"column":6},"end":{"line":104,"column":19}},"37":{"start":{"line":106,"column":4},"end":{"line":106,"column":16}},"38":{"start":{"line":114,"column":19},"end":{"line":114,"column":63}},"39":{"start":{"line":115,"column":4},"end":{"line":117,"column":5}},"40":{"start":{"line":116,"column":6},"end":{"line":116,"column":25}},"41":{"start":{"line":118,"column":4},"end":{"line":118,"column":16}},"42":{"start":{"line":122,"column":19},"end":{"line":125,"column":5}},"43":{"start":{"line":126,"column":4},"end":{"line":129,"column":5}},"44":{"start":{"line":127,"column":6},"end":{"line":127,"column":76}},"45":{"start":{"line":128,"column":6},"end":{"line":128,"column":19}},"46":{"start":{"line":130,"column":4},"end":{"line":130,"column":16}},"47":{"start":{"line":134,"column":19},"end":{"line":134,"column":69}},"48":{"start":{"line":135,"column":4},"end":{"line":137,"column":5}},"49":{"start":{"line":136,"column":6},"end":{"line":136,"column":25}},"50":{"start":{"line":138,"column":4},"end":{"line":138,"column":16}},"51":{"start":{"line":142,"column":19},"end":{"line":145,"column":5}},"52":{"start":{"line":146,"column":4},"end":{"line":149,"column":5}},"53":{"start":{"line":147,"column":6},"end":{"line":147,"column":76}},"54":{"start":{"line":148,"column":6},"end":{"line":148,"column":19}},"55":{"start":{"line":150,"column":4},"end":{"line":150,"column":16}},"56":{"start":{"line":154,"column":15},"end":{"line":154,"column":17}},"57":{"start":{"line":155,"column":19},"end":{"line":160,"column":5}},"58":{"start":{"line":161,"column":4},"end":{"line":190,"column":5}},"59":{"start":{"line":162,"column":24},"end":{"line":162,"column":35}},"60":{"start":{"line":163,"column":6},"end":{"line":188,"column":7}},"61":{"start":{"line":164,"column":20},"end":{"line":164,"column":22}},"62":{"start":{"line":165,"column":23},"end":{"line":172,"column":9}},"63":{"start":{"line":173,"column":8},"end":{"line":187,"column":9}},"64":{"start":{"line":174,"column":26},"end":{"line":174,"column":37}},"65":{"start":{"line":175,"column":10},"end":{"line":181,"column":11}},"66":{"start":{"line":176,"column":28},"end":{"line":179,"column":13}},"67":{"start":{"line":180,"column":12},"end":{"line":180,"column":30}},"68":{"start":{"line":182,"column":24},"end":{"line":185,"column":11}},"69":{"start":{"line":186,"column":10},"end":{"line":186,"column":25}},"70":{"start":{"line":189,"column":6},"end":{"line":189,"column":16}},"71":{"start":{"line":191,"column":4},"end":{"line":191,"column":16}},"72":{"start":{"line":195,"column":19},"end":{"line":198,"column":5}},"73":{"start":{"line":199,"column":4},"end":{"line":201,"column":5}},"74":{"start":{"line":200,"column":6},"end":{"line":200,"column":25}},"75":{"start":{"line":202,"column":4},"end":{"line":202,"column":16}},"76":{"start":{"line":206,"column":19},"end":{"line":209,"column":5}},"77":{"start":{"line":210,"column":4},"end":{"line":212,"column":5}},"78":{"start":{"line":211,"column":6},"end":{"line":211,"column":25}},"79":{"start":{"line":213,"column":4},"end":{"line":213,"column":16}},"80":{"start":{"line":218,"column":9},"end":{"line":218,"column":13}},"81":{"start":{"line":225,"column":2},"end":{"line":227,"column":3}},"82":{"start":{"line":226,"column":4},"end":{"line":226,"column":14}},"83":{"start":{"line":229,"column":14},"end":{"line":229,"column":55}},"84":{"start":{"line":231,"column":2},"end":{"line":233,"column":3}},"85":{"start":{"line":232,"column":4},"end":{"line":232,"column":16}},"86":{"start":{"line":234,"column":2},"end":{"line":234,"column":59}},"87":{"start":{"line":235,"column":2},"end":{"line":235,"column":12}},"88":{"start":{"line":237,"column":2},"end":{"line":237,"column":12}}},"fnMap":{"0":{"name":"(anonymous_0)","decl":{"start":{"line":11,"column":2},"end":{"line":11,"column":3}},"loc":{"start":{"line":11,"column":40},"end":{"line":14,"column":3}},"line":11},"1":{"name":"(anonymous_1)","decl":{"start":{"line":19,"column":2},"end":{"line":19,"column":3}},"loc":{"start":{"line":19,"column":9},"end":{"line":26,"column":3}},"line":19},"2":{"name":"(anonymous_2)","decl":{"start":{"line":22,"column":26},"end":{"line":22,"column":27}},"loc":{"start":{"line":22,"column":35},"end":{"line":25,"column":5}},"line":22},"3":{"name":"(anonymous_3)","decl":{"start":{"line":32,"column":2},"end":{"line":32,"column":3}},"loc":{"start":{"line":32,"column":16},"end":{"line":47,"column":3}},"line":32},"4":{"name":"(anonymous_4)","decl":{"start":{"line":53,"column":2},"end":{"line":53,"column":3}},"loc":{"start":{"line":53,"column":18},"end":{"line":66,"column":3}},"line":53},"5":{"name":"(anonymous_5)","decl":{"start":{"line":74,"column":2},"end":{"line":74,"column":3}},"loc":{"start":{"line":74,"column":34},"end":{"line":90,"column":3}},"line":74},"6":{"name":"(anonymous_6)","decl":{"start":{"line":97,"column":2},"end":{"line":97,"column":3}},"loc":{"start":{"line":97,"column":34},"end":{"line":107,"column":3}},"line":97},"7":{"name":"(anonymous_7)","decl":{"start":{"line":113,"column":2},"end":{"line":113,"column":3}},"loc":{"start":{"line":113,"column":24},"end":{"line":119,"column":3}},"line":113},"8":{"name":"(anonymous_8)","decl":{"start":{"line":121,"column":2},"end":{"line":121,"column":3}},"loc":{"start":{"line":121,"column":39},"end":{"line":131,"column":3}},"line":121},"9":{"name":"(anonymous_9)","decl":{"start":{"line":133,"column":2},"end":{"line":133,"column":3}},"loc":{"start":{"line":133,"column":23},"end":{"line":139,"column":3}},"line":133},"10":{"name":"(anonymous_10)","decl":{"start":{"line":141,"column":2},"end":{"line":141,"column":3}},"loc":{"start":{"line":141,"column":35},"end":{"line":151,"column":3}},"line":141},"11":{"name":"(anonymous_11)","decl":{"start":{"line":153,"column":2},"end":{"line":153,"column":3}},"loc":{"start":{"line":153,"column":38},"end":{"line":192,"column":3}},"line":153},"12":{"name":"(anonymous_12)","decl":{"start":{"line":194,"column":2},"end":{"line":194,"column":3}},"loc":{"start":{"line":194,"column":28},"end":{"line":203,"column":3}},"line":194},"13":{"name":"(anonymous_13)","decl":{"start":{"line":205,"column":2},"end":{"line":205,"column":3}},"loc":{"start":{"line":205,"column":28},"end":{"line":214,"column":3}},"line":205},"14":{"name":"getDatabase","decl":{"start":{"line":224,"column":16},"end":{"line":224,"column":27}},"loc":{"start":{"line":224,"column":30},"end":{"line":238,"column":1}},"line":224}},"branchMap":{"0":{"loc":{"start":{"line":33,"column":4},"end":{"line":36,"column":5}},"type":"if","locations":[{"start":{"line":33,"column":4},"end":{"line":36,"column":5}},{"start":{},"end":{}}],"line":33},"1":{"loc":{"start":{"line":54,"column":4},"end":{"line":57,"column":5}},"type":"if","locations":[{"start":{"line":54,"column":4},"end":{"line":57,"column":5}},{"start":{},"end":{}}],"line":54},"2":{"loc":{"start":{"line":74,"column":21},"end":{"line":74,"column":32}},"type":"default-arg","locations":[{"start":{"line":74,"column":30},"end":{"line":74,"column":32}}],"line":74},"3":{"loc":{"start":{"line":77,"column":4},"end":{"line":79,"column":5}},"type":"if","locations":[{"start":{"line":77,"column":4},"end":{"line":79,"column":5}},{"start":{},"end":{}}],"line":77},"4":{"loc":{"start":{"line":102,"column":4},"end":{"line":105,"column":5}},"type":"if","locations":[{"start":{"line":102,"column":4},"end":{"line":105,"column":5}},{"start":{},"end":{}}],"line":102},"5":{"loc":{"start":{"line":102,"column":8},"end":{"line":102,"column":40}},"type":"binary-expr","locations":[{"start":{"line":102,"column":8},"end":{"line":102,"column":15}},{"start":{"line":102,"column":19},"end":{"line":102,"column":40}}],"line":102},"6":{"loc":{"start":{"line":115,"column":4},"end":{"line":117,"column":5}},"type":"if","locations":[{"start":{"line":115,"column":4},"end":{"line":117,"column":5}},{"start":{},"end":{}}],"line":115},"7":{"loc":{"start":{"line":115,"column":8},"end":{"line":115,"column":48}},"type":"binary-expr","locations":[{"start":{"line":115,"column":8},"end":{"line":115,"column":14}},{"start":{"line":115,"column":18},"end":{"line":115,"column":48}}],"line":115},"8":{"loc":{"start":{"line":115,"column":19},"end":{"line":115,"column":43}},"type":"binary-expr","locations":[{"start":{"line":115,"column":19},"end":{"line":115,"column":38}},{"start":{"line":115,"column":42},"end":{"line":115,"column":43}}],"line":115},"9":{"loc":{"start":{"line":126,"column":4},"end":{"line":129,"column":5}},"type":"if","locations":[{"start":{"line":126,"column":4},"end":{"line":129,"column":5}},{"start":{},"end":{}}],"line":126},"10":{"loc":{"start":{"line":126,"column":8},"end":{"line":126,"column":40}},"type":"binary-expr","locations":[{"start":{"line":126,"column":8},"end":{"line":126,"column":15}},{"start":{"line":126,"column":19},"end":{"line":126,"column":40}}],"line":126},"11":{"loc":{"start":{"line":135,"column":4},"end":{"line":137,"column":5}},"type":"if","locations":[{"start":{"line":135,"column":4},"end":{"line":137,"column":5}},{"start":{},"end":{}}],"line":135},"12":{"loc":{"start":{"line":135,"column":8},"end":{"line":135,"column":48}},"type":"binary-expr","locations":[{"start":{"line":135,"column":8},"end":{"line":135,"column":14}},{"start":{"line":135,"column":18},"end":{"line":135,"column":48}}],"line":135},"13":{"loc":{"start":{"line":135,"column":19},"end":{"line":135,"column":43}},"type":"binary-expr","locations":[{"start":{"line":135,"column":19},"end":{"line":135,"column":38}},{"start":{"line":135,"column":42},"end":{"line":135,"column":43}}],"line":135},"14":{"loc":{"start":{"line":146,"column":4},"end":{"line":149,"column":5}},"type":"if","locations":[{"start":{"line":146,"column":4},"end":{"line":149,"column":5}},{"start":{},"end":{}}],"line":146},"15":{"loc":{"start":{"line":146,"column":8},"end":{"line":146,"column":40}},"type":"binary-expr","locations":[{"start":{"line":146,"column":8},"end":{"line":146,"column":15}},{"start":{"line":146,"column":19},"end":{"line":146,"column":40}}],"line":146},"16":{"loc":{"start":{"line":161,"column":4},"end":{"line":190,"column":5}},"type":"if","locations":[{"start":{"line":161,"column":4},"end":{"line":190,"column":5}},{"start":{},"end":{}}],"line":161},"17":{"loc":{"start":{"line":161,"column":8},"end":{"line":161,"column":48}},"type":"binary-expr","locations":[{"start":{"line":161,"column":8},"end":{"line":161,"column":14}},{"start":{"line":161,"column":18},"end":{"line":161,"column":48}}],"line":161},"18":{"loc":{"start":{"line":161,"column":19},"end":{"line":161,"column":43}},"type":"binary-expr","locations":[{"start":{"line":161,"column":19},"end":{"line":161,"column":38}},{"start":{"line":161,"column":42},"end":{"line":161,"column":43}}],"line":161},"19":{"loc":{"start":{"line":173,"column":8},"end":{"line":187,"column":9}},"type":"if","locations":[{"start":{"line":173,"column":8},"end":{"line":187,"column":9}},{"start":{},"end":{}}],"line":173},"20":{"loc":{"start":{"line":173,"column":12},"end":{"line":173,"column":52}},"type":"binary-expr","locations":[{"start":{"line":173,"column":12},"end":{"line":173,"column":18}},{"start":{"line":173,"column":22},"end":{"line":173,"column":52}}],"line":173},"21":{"loc":{"start":{"line":173,"column":23},"end":{"line":173,"column":47}},"type":"binary-expr","locations":[{"start":{"line":173,"column":23},"end":{"line":173,"column":42}},{"start":{"line":173,"column":46},"end":{"line":173,"column":47}}],"line":173},"22":{"loc":{"start":{"line":199,"column":4},"end":{"line":201,"column":5}},"type":"if","locations":[{"start":{"line":199,"column":4},"end":{"line":201,"column":5}},{"start":{},"end":{}}],"line":199},"23":{"loc":{"start":{"line":199,"column":8},"end":{"line":199,"column":48}},"type":"binary-expr","locations":[{"start":{"line":199,"column":8},"end":{"line":199,"column":14}},{"start":{"line":199,"column":18},"end":{"line":199,"column":48}}],"line":199},"24":{"loc":{"start":{"line":199,"column":19},"end":{"line":199,"column":43}},"type":"binary-expr","locations":[{"start":{"line":199,"column":19},"end":{"line":199,"column":38}},{"start":{"line":199,"column":42},"end":{"line":199,"column":43}}],"line":199},"25":{"loc":{"start":{"line":210,"column":4},"end":{"line":212,"column":5}},"type":"if","locations":[{"start":{"line":210,"column":4},"end":{"line":212,"column":5}},{"start":{},"end":{}}],"line":210},"26":{"loc":{"start":{"line":210,"column":8},"end":{"line":210,"column":48}},"type":"binary-expr","locations":[{"start":{"line":210,"column":8},"end":{"line":210,"column":14}},{"start":{"line":210,"column":18},"end":{"line":210,"column":48}}],"line":210},"27":{"loc":{"start":{"line":210,"column":19},"end":{"line":210,"column":43}},"type":"binary-expr","locations":[{"start":{"line":210,"column":19},"end":{"line":210,"column":38}},{"start":{"line":210,"column":42},"end":{"line":210,"column":43}}],"line":210},"28":{"loc":{"start":{"line":225,"column":2},"end":{"line":227,"column":3}},"type":"if","locations":[{"start":{"line":225,"column":2},"end":{"line":227,"column":3}},{"start":{},"end":{}}],"line":225},"29":{"loc":{"start":{"line":231,"column":2},"end":{"line":233,"column":3}},"type":"if","locations":[{"start":{"line":231,"column":2},"end":{"line":233,"column":3}},{"start":{},"end":{}}],"line":231}},"s":{"0":9,"1":9,"2":9,"3":6,"4":6,"5":1,"6":1,"7":3,"8":1,"9":1,"10":2,"11":2,"12":2,"13":0,"14":0,"15":2,"16":4,"17":1,"18":1,"19":3,"20":3,"21":2,"22":1,"23":1,"24":2,"25":2,"26":1,"27":1,"28":1,"29":1,"30":0,"31":0,"32":1,"33":0,"34":0,"35":0,"36":0,"37":0,"38":0,"39":0,"40":0,"41":0,"42":0,"43":0,"44":0,"45":0,"46":0,"47":0,"48":0,"49":0,"50":0,"51":0,"52":0,"53":0,"54":0,"55":0,"56":0,"57":0,"58":0,"59":0,"60":0,"61":0,"62":0,"63":0,"64":0,"65":0,"66":0,"67":0,"68":0,"69":0,"70":0,"71":0,"72":0,"73":0,"74":0,"75":0,"76":0,"77":0,"78":0,"79":0,"80":1,"81":0,"82":0,"83":0,"84":0,"85":0,"86":0,"87":0,"88":0},"f":{"0":9,"1":6,"2":1,"3":3,"4":4,"5":2,"6":0,"7":0,"8":0,"9":0,"10":0,"11":0,"12":0,"13":0,"14":0},"b":{"0":[1,2],"1":[1,3],"2":[2],"3":[1,1],"4":[0,0],"5":[0,0],"6":[0,0],"7":[0,0],"8":[0,0],"9":[0,0],"10":[0,0],"11":[0,0],"12":[0,0],"13":[0,0],"14":[0,0],"15":[0,0],"16":[0,0],"17":[0,0],"18":[0,0],"19":[0,0],"20":[0,0],"21":[0,0],"22":[0,0],"23":[0,0],"24":[0,0],"25":[0,0],"26":[0,0],"27":[0,0],"28":[0,0],"29":[0,0]},"_coverageSchema":"1a1c01bbd47fc00a2c39e90264f33305004495a9","hash":"4005384c533a79a84d27e9b184596ee7214a5ad3"}
,"/Users/johannesreykdal/Desktop/Vefforritun 2/vef2-2025-v2/src/lib/enviroment.js": {"path":"/Users/johannesreykdal/Desktop/Vefforritun 2/vef2-2025-v2/src/lib/enviroment.js","statementMap":{"0":{"start":{"line":2,"column":21},"end":{"line":2,"column":25}},"1":{"start":{"line":11,"column":16},"end":{"line":11,"column":20}},"2":{"start":{"line":23,"column":2},"end":{"line":25,"column":3}},"3":{"start":{"line":24,"column":4},"end":{"line":24,"column":21}},"4":{"start":{"line":31,"column":6},"end":{"line":31,"column":9}},"5":{"start":{"line":33,"column":14},"end":{"line":33,"column":19}},"6":{"start":{"line":35,"column":2},"end":{"line":40,"column":3}},"7":{"start":{"line":36,"column":4},"end":{"line":38,"column":6}},"8":{"start":{"line":39,"column":4},"end":{"line":39,"column":17}},"9":{"start":{"line":42,"column":2},"end":{"line":45,"column":3}},"10":{"start":{"line":43,"column":4},"end":{"line":43,"column":61}},"11":{"start":{"line":44,"column":4},"end":{"line":44,"column":17}},"12":{"start":{"line":48,"column":21},"end":{"line":48,"column":52}},"13":{"start":{"line":49,"column":2},"end":{"line":58,"column":3}},"14":{"start":{"line":50,"column":4},"end":{"line":50,"column":59}},"15":{"start":{"line":51,"column":4},"end":{"line":51,"column":26}},"16":{"start":{"line":52,"column":4},"end":{"line":52,"column":17}},"17":{"start":{"line":53,"column":9},"end":{"line":58,"column":3}},"18":{"start":{"line":54,"column":4},"end":{"line":54,"column":26}},"19":{"start":{"line":56,"column":4},"end":{"line":56,"column":70}},"20":{"start":{"line":57,"column":4},"end":{"line":57,"column":28}},"21":{"start":{"line":60,"column":2},"end":{"line":62,"column":3}},"22":{"start":{"line":61,"column":4},"end":{"line":61,"column":16}},"23":{"start":{"line":66,"column":24},"end":{"line":66,"column":40}},"24":{"start":{"line":68,"column":27},"end":{"line":68,"column":46}},"25":{"start":{"line":70,"column":2},"end":{"line":74,"column":4}},"26":{"start":{"line":76,"column":2},"end":{"line":76,"column":19}}},"fnMap":{"0":{"name":"environment","decl":{"start":{"line":20,"column":16},"end":{"line":20,"column":27}},"loc":{"start":{"line":20,"column":41},"end":{"line":77,"column":1}},"line":20}},"branchMap":{"0":{"loc":{"start":{"line":23,"column":2},"end":{"line":25,"column":3}},"type":"if","locations":[{"start":{"line":23,"column":2},"end":{"line":25,"column":3}},{"start":{},"end":{}}],"line":23},"1":{"loc":{"start":{"line":35,"column":2},"end":{"line":40,"column":3}},"type":"if","locations":[{"start":{"line":35,"column":2},"end":{"line":40,"column":3}},{"start":{},"end":{}}],"line":35},"2":{"loc":{"start":{"line":35,"column":6},"end":{"line":35,"column":55}},"type":"binary-expr","locations":[{"start":{"line":35,"column":6},"end":{"line":35,"column":23}},{"start":{"line":35,"column":27},"end":{"line":35,"column":55}}],"line":35},"3":{"loc":{"start":{"line":42,"column":2},"end":{"line":45,"column":3}},"type":"if","locations":[{"start":{"line":42,"column":2},"end":{"line":45,"column":3}},{"start":{},"end":{}}],"line":42},"4":{"loc":{"start":{"line":42,"column":6},"end":{"line":42,"column":62}},"type":"binary-expr","locations":[{"start":{"line":42,"column":6},"end":{"line":42,"column":26}},{"start":{"line":42,"column":30},"end":{"line":42,"column":62}}],"line":42},"5":{"loc":{"start":{"line":48,"column":37},"end":{"line":48,"column":47}},"type":"binary-expr","locations":[{"start":{"line":48,"column":37},"end":{"line":48,"column":41}},{"start":{"line":48,"column":45},"end":{"line":48,"column":47}}],"line":48},"6":{"loc":{"start":{"line":49,"column":2},"end":{"line":58,"column":3}},"type":"if","locations":[{"start":{"line":49,"column":2},"end":{"line":58,"column":3}},{"start":{"line":53,"column":9},"end":{"line":58,"column":3}}],"line":49},"7":{"loc":{"start":{"line":49,"column":6},"end":{"line":49,"column":38}},"type":"binary-expr","locations":[{"start":{"line":49,"column":6},"end":{"line":49,"column":10}},{"start":{"line":49,"column":14},"end":{"line":49,"column":38}}],"line":49},"8":{"loc":{"start":{"line":53,"column":9},"end":{"line":58,"column":3}},"type":"if","locations":[{"start":{"line":53,"column":9},"end":{"line":58,"column":3}},{"start":{"line":55,"column":9},"end":{"line":58,"column":3}}],"line":53},"9":{"loc":{"start":{"line":60,"column":2},"end":{"line":62,"column":3}},"type":"if","locations":[{"start":{"line":60,"column":2},"end":{"line":62,"column":3}},{"start":{},"end":{}}],"line":60}},"s":{"0":2,"1":2,"2":5,"3":2,"4":3,"5":3,"6":3,"7":1,"8":1,"9":3,"10":2,"11":2,"12":3,"13":3,"14":1,"15":1,"16":1,"17":2,"18":1,"19":1,"20":1,"21":3,"22":2,"23":1,"24":1,"25":1,"26":1},"f":{"0":5},"b":{"0":[2,3],"1":[1,2],"2":[3,2],"3":[2,1],"4":[3,1],"5":[3,1],"6":[1,2],"7":[3,2],"8":[1,1],"9":[2,1]},"_coverageSchema":"1a1c01bbd47fc00a2c39e90264f33305004495a9","hash":"076b0e8efe4604ebdfb2fedc6b993433f1f58067"}
,"/Users/johannesreykdal/Desktop/Vefforritun 2/vef2-2025-v2/src/lib/file.js": {"path":"/Users/johannesreykdal/Desktop/Vefforritun 2/vef2-2025-v2/src/lib/file.js","statementMap":{"0":{"start":{"line":9,"column":2},"end":{"line":11,"column":3}},"1":{"start":{"line":10,"column":4},"end":{"line":10,"column":17}},"2":{"start":{"line":13,"column":2},"end":{"line":19,"column":3}},"3":{"start":{"line":14,"column":17},"end":{"line":14,"column":32}},"4":{"start":{"line":15,"column":4},"end":{"line":15,"column":30}},"5":{"start":{"line":17,"column":4},"end":{"line":17,"column":73}},"6":{"start":{"line":18,"column":4},"end":{"line":18,"column":17}},"7":{"start":{"line":27,"column":2},"end":{"line":35,"column":3}},"8":{"start":{"line":28,"column":4},"end":{"line":30,"column":5}},"9":{"start":{"line":29,"column":6},"end":{"line":29,"column":23}},"10":{"start":{"line":31,"column":4},"end":{"line":31,"column":16}},"11":{"start":{"line":33,"column":4},"end":{"line":33,"column":64}},"12":{"start":{"line":34,"column":4},"end":{"line":34,"column":17}},"13":{"start":{"line":45,"column":2},"end":{"line":52,"column":3}},"14":{"start":{"line":46,"column":20},"end":{"line":46,"column":56}},"15":{"start":{"line":48,"column":4},"end":{"line":48,"column":38}},"16":{"start":{"line":50,"column":4},"end":{"line":50,"column":58}},"17":{"start":{"line":51,"column":4},"end":{"line":51,"column":16}}},"fnMap":{"0":{"name":"direxists","decl":{"start":{"line":8,"column":22},"end":{"line":8,"column":31}},"loc":{"start":{"line":8,"column":37},"end":{"line":20,"column":1}},"line":8},"1":{"name":"createDirIfNotExists","decl":{"start":{"line":26,"column":22},"end":{"line":26,"column":42}},"loc":{"start":{"line":26,"column":48},"end":{"line":36,"column":1}},"line":26},"2":{"name":"readFile","decl":{"start":{"line":44,"column":22},"end":{"line":44,"column":30}},"loc":{"start":{"line":44,"column":65},"end":{"line":53,"column":1}},"line":44}},"branchMap":{"0":{"loc":{"start":{"line":9,"column":2},"end":{"line":11,"column":3}},"type":"if","locations":[{"start":{"line":9,"column":2},"end":{"line":11,"column":3}},{"start":{},"end":{}}],"line":9},"1":{"loc":{"start":{"line":28,"column":4},"end":{"line":30,"column":5}},"type":"if","locations":[{"start":{"line":28,"column":4},"end":{"line":30,"column":5}},{"start":{},"end":{}}],"line":28},"2":{"loc":{"start":{"line":44,"column":37},"end":{"line":44,"column":63}},"type":"default-arg","locations":[{"start":{"line":44,"column":61},"end":{"line":44,"column":63}}],"line":44},"3":{"loc":{"start":{"line":44,"column":39},"end":{"line":44,"column":56}},"type":"default-arg","locations":[{"start":{"line":44,"column":50},"end":{"line":44,"column":56}}],"line":44}},"s":{"0":3,"1":1,"2":2,"3":2,"4":1,"5":1,"6":1,"7":0,"8":0,"9":0,"10":0,"11":0,"12":0,"13":2,"14":2,"15":1,"16":1,"17":1},"f":{"0":3,"1":0,"2":2},"b":{"0":[1,2],"1":[0,0],"2":[2],"3":[2]},"_coverageSchema":"1a1c01bbd47fc00a2c39e90264f33305004495a9","hash":"d5bf2e5774421179ad0b1f2e71d9d35888a13d00"}
,"/Users/johannesreykdal/Desktop/Vefforritun 2/vef2-2025-v2/src/lib/handlers.js": {"path":"/Users/johannesreykdal/Desktop/Vefforritun 2/vef2-2025-v2/src/lib/handlers.js","statementMap":{"0":{"start":{"line":7,"column":16},"end":{"line":7,"column":34}},"1":{"start":{"line":8,"column":2},"end":{"line":8,"column":52}},"2":{"start":{"line":19,"column":2},"end":{"line":19,"column":44}},"3":{"start":{"line":20,"column":23},"end":{"line":20,"column":49}},"4":{"start":{"line":22,"column":2},"end":{"line":22,"column":55}}},"fnMap":{"0":{"name":"handler404","decl":{"start":{"line":6,"column":16},"end":{"line":6,"column":26}},"loc":{"start":{"line":6,"column":37},"end":{"line":9,"column":1}},"line":6},"1":{"name":"handlerError","decl":{"start":{"line":18,"column":16},"end":{"line":18,"column":28}},"loc":{"start":{"line":18,"column":50},"end":{"line":23,"column":1}},"line":18}},"branchMap":{},"s":{"0":1,"1":1,"2":1,"3":1,"4":1},"f":{"0":1,"1":1},"b":{},"_coverageSchema":"1a1c01bbd47fc00a2c39e90264f33305004495a9","hash":"d3058b8aa81bce8906deb34293e0eb65609d47be"}
,"/Users/johannesreykdal/Desktop/Vefforritun 2/vef2-2025-v2/src/lib/logger.js": {"path":"/Users/johannesreykdal/Desktop/Vefforritun 2/vef2-2025-v2/src/lib/logger.js","statementMap":{"0":{"start":{"line":3,"column":6},"end":{"line":3,"column":27}},"1":{"start":{"line":7,"column":6},"end":{"line":9,"column":7}},"2":{"start":{"line":8,"column":8},"end":{"line":8,"column":15}},"3":{"start":{"line":10,"column":6},"end":{"line":10,"column":32}},"4":{"start":{"line":14,"column":6},"end":{"line":16,"column":7}},"5":{"start":{"line":15,"column":8},"end":{"line":15,"column":15}},"6":{"start":{"line":17,"column":6},"end":{"line":17,"column":33}},"7":{"start":{"line":21,"column":24},"end":{"line":21,"column":36}}},"fnMap":{"0":{"name":"(anonymous_0)","decl":{"start":{"line":2,"column":4},"end":{"line":2,"column":5}},"loc":{"start":{"line":2,"column":32},"end":{"line":4,"column":5}},"line":2},"1":{"name":"(anonymous_1)","decl":{"start":{"line":6,"column":4},"end":{"line":6,"column":5}},"loc":{"start":{"line":6,"column":22},"end":{"line":11,"column":5}},"line":6},"2":{"name":"(anonymous_2)","decl":{"start":{"line":13,"column":4},"end":{"line":13,"column":5}},"loc":{"start":{"line":13,"column":23},"end":{"line":18,"column":5}},"line":13}},"branchMap":{"0":{"loc":{"start":{"line":2,"column":16},"end":{"line":2,"column":30}},"type":"default-arg","locations":[{"start":{"line":2,"column":25},"end":{"line":2,"column":30}}],"line":2},"1":{"loc":{"start":{"line":7,"column":6},"end":{"line":9,"column":7}},"type":"if","locations":[{"start":{"line":7,"column":6},"end":{"line":9,"column":7}},{"start":{},"end":{}}],"line":7},"2":{"loc":{"start":{"line":14,"column":6},"end":{"line":16,"column":7}},"type":"if","locations":[{"start":{"line":14,"column":6},"end":{"line":16,"column":7}},{"start":{},"end":{}}],"line":14}},"s":{"0":6,"1":2,"2":1,"3":1,"4":2,"5":1,"6":1,"7":2},"f":{"0":6,"1":2,"2":2},"b":{"0":[4],"1":[1,1],"2":[1,1]},"_coverageSchema":"1a1c01bbd47fc00a2c39e90264f33305004495a9","hash":"b807b4bf2c8a5be83c2039170ee0ccb74c3d602b"}
,"/Users/johannesreykdal/Desktop/Vefforritun 2/vef2-2025-v2/src/lib/parse.js": {"path":"/Users/johannesreykdal/Desktop/Vefforritun 2/vef2-2025-v2/src/lib/parse.js","statementMap":{"0":{"start":{"line":13,"column":2},"end":{"line":15,"column":3}},"1":{"start":{"line":14,"column":4},"end":{"line":14,"column":16}},"2":{"start":{"line":17,"column":2},"end":{"line":19,"column":3}},"3":{"start":{"line":18,"column":4},"end":{"line":18,"column":16}},"4":{"start":{"line":21,"column":26},"end":{"line":21,"column":39}},"5":{"start":{"line":23,"column":2},"end":{"line":25,"column":3}},"6":{"start":{"line":24,"column":4},"end":{"line":24,"column":16}},"7":{"start":{"line":27,"column":2},"end":{"line":27,"column":25}},"8":{"start":{"line":39,"column":2},"end":{"line":44,"column":3}},"9":{"start":{"line":40,"column":4},"end":{"line":40,"column":37}},"10":{"start":{"line":42,"column":4},"end":{"line":42,"column":51}},"11":{"start":{"line":43,"column":4},"end":{"line":43,"column":14}},"12":{"start":{"line":46,"column":2},"end":{"line":49,"column":3}},"13":{"start":{"line":47,"column":4},"end":{"line":47,"column":48}},"14":{"start":{"line":48,"column":4},"end":{"line":48,"column":14}},"15":{"start":{"line":51,"column":16},"end":{"line":61,"column":30}},"16":{"start":{"line":53,"column":21},"end":{"line":53,"column":45}},"17":{"start":{"line":55,"column":6},"end":{"line":57,"column":7}},"18":{"start":{"line":56,"column":8},"end":{"line":56,"column":60}},"19":{"start":{"line":59,"column":6},"end":{"line":59,"column":20}},"20":{"start":{"line":61,"column":19},"end":{"line":61,"column":29}},"21":{"start":{"line":63,"column":2},"end":{"line":63,"column":15}},"22":{"start":{"line":72,"column":2},"end":{"line":74,"column":3}},"23":{"start":{"line":73,"column":4},"end":{"line":73,"column":14}},"24":{"start":{"line":76,"column":24},"end":{"line":94,"column":30}},"25":{"start":{"line":78,"column":6},"end":{"line":80,"column":7}},"26":{"start":{"line":79,"column":8},"end":{"line":79,"column":20}},"27":{"start":{"line":82,"column":6},"end":{"line":84,"column":7}},"28":{"start":{"line":83,"column":8},"end":{"line":83,"column":20}},"29":{"start":{"line":86,"column":34},"end":{"line":86,"column":38}},"30":{"start":{"line":88,"column":6},"end":{"line":90,"column":7}},"31":{"start":{"line":89,"column":8},"end":{"line":89,"column":20}},"32":{"start":{"line":92,"column":6},"end":{"line":92,"column":33}},"33":{"start":{"line":94,"column":19},"end":{"line":94,"column":29}},"34":{"start":{"line":96,"column":2},"end":{"line":96,"column":23}},"35":{"start":{"line":105,"column":2},"end":{"line":107,"column":3}},"36":{"start":{"line":106,"column":4},"end":{"line":106,"column":14}},"37":{"start":{"line":109,"column":26},"end":{"line":133,"column":30}},"38":{"start":{"line":111,"column":6},"end":{"line":113,"column":7}},"39":{"start":{"line":112,"column":8},"end":{"line":112,"column":20}},"40":{"start":{"line":115,"column":6},"end":{"line":117,"column":7}},"41":{"start":{"line":116,"column":8},"end":{"line":116,"column":20}},"42":{"start":{"line":119,"column":50},"end":{"line":119,"column":58}},"43":{"start":{"line":121,"column":6},"end":{"line":123,"column":7}},"44":{"start":{"line":122,"column":8},"end":{"line":122,"column":20}},"45":{"start":{"line":125,"column":28},"end":{"line":125,"column":49}},"46":{"start":{"line":127,"column":6},"end":{"line":129,"column":7}},"47":{"start":{"line":128,"column":8},"end":{"line":128,"column":20}},"48":{"start":{"line":131,"column":6},"end":{"line":131,"column":64}},"49":{"start":{"line":133,"column":19},"end":{"line":133,"column":29}},"50":{"start":{"line":135,"column":2},"end":{"line":135,"column":25}},"51":{"start":{"line":146,"column":2},"end":{"line":151,"column":3}},"52":{"start":{"line":147,"column":4},"end":{"line":147,"column":28}},"53":{"start":{"line":149,"column":4},"end":{"line":149,"column":58}},"54":{"start":{"line":150,"column":4},"end":{"line":150,"column":16}},"55":{"start":{"line":153,"column":2},"end":{"line":155,"column":3}},"56":{"start":{"line":154,"column":4},"end":{"line":154,"column":16}},"57":{"start":{"line":157,"column":2},"end":{"line":163,"column":3}},"58":{"start":{"line":162,"column":4},"end":{"line":162,"column":16}},"59":{"start":{"line":165,"column":27},"end":{"line":168,"column":3}},"60":{"start":{"line":170,"column":2},"end":{"line":172,"column":3}},"61":{"start":{"line":171,"column":4},"end":{"line":171,"column":16}},"62":{"start":{"line":174,"column":2},"end":{"line":174,"column":26}}},"fnMap":{"0":{"name":"parseIndexFileItem","decl":{"start":{"line":12,"column":16},"end":{"line":12,"column":34}},"loc":{"start":{"line":12,"column":50},"end":{"line":28,"column":1}},"line":12},"1":{"name":"parseIndexFile","decl":{"start":{"line":36,"column":16},"end":{"line":36,"column":30}},"loc":{"start":{"line":36,"column":46},"end":{"line":64,"column":1}},"line":36},"2":{"name":"(anonymous_2)","decl":{"start":{"line":52,"column":9},"end":{"line":52,"column":10}},"loc":{"start":{"line":52,"column":26},"end":{"line":60,"column":5}},"line":52},"3":{"name":"(anonymous_3)","decl":{"start":{"line":61,"column":12},"end":{"line":61,"column":13}},"loc":{"start":{"line":61,"column":19},"end":{"line":61,"column":29}},"line":61},"4":{"name":"parseAnswers","decl":{"start":{"line":71,"column":16},"end":{"line":71,"column":28}},"loc":{"start":{"line":71,"column":35},"end":{"line":97,"column":1}},"line":71},"5":{"name":"(anonymous_5)","decl":{"start":{"line":77,"column":9},"end":{"line":77,"column":10}},"loc":{"start":{"line":77,"column":19},"end":{"line":93,"column":5}},"line":77},"6":{"name":"(anonymous_6)","decl":{"start":{"line":94,"column":12},"end":{"line":94,"column":13}},"loc":{"start":{"line":94,"column":19},"end":{"line":94,"column":29}},"line":94},"7":{"name":"parseQuestions","decl":{"start":{"line":104,"column":16},"end":{"line":104,"column":30}},"loc":{"start":{"line":104,"column":42},"end":{"line":136,"column":1}},"line":104},"8":{"name":"(anonymous_8)","decl":{"start":{"line":110,"column":9},"end":{"line":110,"column":10}},"loc":{"start":{"line":110,"column":23},"end":{"line":132,"column":5}},"line":110},"9":{"name":"(anonymous_9)","decl":{"start":{"line":133,"column":12},"end":{"line":133,"column":13}},"loc":{"start":{"line":133,"column":19},"end":{"line":133,"column":29}},"line":133},"10":{"name":"parseQuestionCategory","decl":{"start":{"line":143,"column":16},"end":{"line":143,"column":37}},"loc":{"start":{"line":143,"column":44},"end":{"line":175,"column":1}},"line":143}},"branchMap":{"0":{"loc":{"start":{"line":13,"column":2},"end":{"line":15,"column":3}},"type":"if","locations":[{"start":{"line":13,"column":2},"end":{"line":15,"column":3}},{"start":{},"end":{}}],"line":13},"1":{"loc":{"start":{"line":13,"column":6},"end":{"line":13,"column":65}},"type":"binary-expr","locations":[{"start":{"line":13,"column":6},"end":{"line":13,"column":39}},{"start":{"line":13,"column":43},"end":{"line":13,"column":65}}],"line":13},"2":{"loc":{"start":{"line":17,"column":2},"end":{"line":19,"column":3}},"type":"if","locations":[{"start":{"line":17,"column":2},"end":{"line":19,"column":3}},{"start":{},"end":{}}],"line":17},"3":{"loc":{"start":{"line":17,"column":6},"end":{"line":17,"column":63}},"type":"binary-expr","locations":[{"start":{"line":17,"column":6},"end":{"line":17,"column":33}},{"start":{"line":17,"column":37},"end":{"line":17,"column":63}}],"line":17},"4":{"loc":{"start":{"line":23,"column":2},"end":{"line":25,"column":3}},"type":"if","locations":[{"start":{"line":23,"column":2},"end":{"line":25,"column":3}},{"start":{},"end":{}}],"line":23},"5":{"loc":{"start":{"line":23,"column":6},"end":{"line":23,"column":59}},"type":"binary-expr","locations":[{"start":{"line":23,"column":6},"end":{"line":23,"column":31}},{"start":{"line":23,"column":35},"end":{"line":23,"column":59}}],"line":23},"6":{"loc":{"start":{"line":46,"column":2},"end":{"line":49,"column":3}},"type":"if","locations":[{"start":{"line":46,"column":2},"end":{"line":49,"column":3}},{"start":{},"end":{}}],"line":46},"7":{"loc":{"start":{"line":55,"column":6},"end":{"line":57,"column":7}},"type":"if","locations":[{"start":{"line":55,"column":6},"end":{"line":57,"column":7}},{"start":{},"end":{}}],"line":55},"8":{"loc":{"start":{"line":72,"column":2},"end":{"line":74,"column":3}},"type":"if","locations":[{"start":{"line":72,"column":2},"end":{"line":74,"column":3}},{"start":{},"end":{}}],"line":72},"9":{"loc":{"start":{"line":78,"column":6},"end":{"line":80,"column":7}},"type":"if","locations":[{"start":{"line":78,"column":6},"end":{"line":80,"column":7}},{"start":{},"end":{}}],"line":78},"10":{"loc":{"start":{"line":78,"column":10},"end":{"line":78,"column":51}},"type":"binary-expr","locations":[{"start":{"line":78,"column":10},"end":{"line":78,"column":34}},{"start":{"line":78,"column":38},"end":{"line":78,"column":51}}],"line":78},"11":{"loc":{"start":{"line":82,"column":6},"end":{"line":84,"column":7}},"type":"if","locations":[{"start":{"line":82,"column":6},"end":{"line":84,"column":7}},{"start":{},"end":{}}],"line":82},"12":{"loc":{"start":{"line":82,"column":10},"end":{"line":82,"column":53}},"type":"binary-expr","locations":[{"start":{"line":82,"column":10},"end":{"line":82,"column":29}},{"start":{"line":82,"column":33},"end":{"line":82,"column":53}}],"line":82},"13":{"loc":{"start":{"line":88,"column":6},"end":{"line":90,"column":7}},"type":"if","locations":[{"start":{"line":88,"column":6},"end":{"line":90,"column":7}},{"start":{},"end":{}}],"line":88},"14":{"loc":{"start":{"line":88,"column":10},"end":{"line":88,"column":68}},"type":"binary-expr","locations":[{"start":{"line":88,"column":10},"end":{"line":88,"column":36}},{"start":{"line":88,"column":40},"end":{"line":88,"column":68}}],"line":88},"15":{"loc":{"start":{"line":105,"column":2},"end":{"line":107,"column":3}},"type":"if","locations":[{"start":{"line":105,"column":2},"end":{"line":107,"column":3}},{"start":{},"end":{}}],"line":105},"16":{"loc":{"start":{"line":111,"column":6},"end":{"line":113,"column":7}},"type":"if","locations":[{"start":{"line":111,"column":6},"end":{"line":113,"column":7}},{"start":{},"end":{}}],"line":111},"17":{"loc":{"start":{"line":111,"column":10},"end":{"line":111,"column":59}},"type":"binary-expr","locations":[{"start":{"line":111,"column":10},"end":{"line":111,"column":38}},{"start":{"line":111,"column":42},"end":{"line":111,"column":59}}],"line":111},"18":{"loc":{"start":{"line":115,"column":6},"end":{"line":117,"column":7}},"type":"if","locations":[{"start":{"line":115,"column":6},"end":{"line":117,"column":7}},{"start":{},"end":{}}],"line":115},"19":{"loc":{"start":{"line":115,"column":10},"end":{"line":115,"column":63}},"type":"binary-expr","locations":[{"start":{"line":115,"column":10},"end":{"line":115,"column":35}},{"start":{"line":115,"column":39},"end":{"line":115,"column":63}}],"line":115},"20":{"loc":{"start":{"line":121,"column":6},"end":{"line":123,"column":7}},"type":"if","locations":[{"start":{"line":121,"column":6},"end":{"line":123,"column":7}},{"start":{},"end":{}}],"line":121},"21":{"loc":{"start":{"line":121,"column":10},"end":{"line":121,"column":69}},"type":"binary-expr","locations":[{"start":{"line":121,"column":10},"end":{"line":121,"column":42}},{"start":{"line":121,"column":46},"end":{"line":121,"column":69}}],"line":121},"22":{"loc":{"start":{"line":127,"column":6},"end":{"line":129,"column":7}},"type":"if","locations":[{"start":{"line":127,"column":6},"end":{"line":129,"column":7}},{"start":{},"end":{}}],"line":127},"23":{"loc":{"start":{"line":153,"column":2},"end":{"line":155,"column":3}},"type":"if","locations":[{"start":{"line":153,"column":2},"end":{"line":155,"column":3}},{"start":{},"end":{}}],"line":153},"24":{"loc":{"start":{"line":153,"column":6},"end":{"line":153,"column":47}},"type":"binary-expr","locations":[{"start":{"line":153,"column":6},"end":{"line":153,"column":30}},{"start":{"line":153,"column":34},"end":{"line":153,"column":47}}],"line":153},"25":{"loc":{"start":{"line":157,"column":2},"end":{"line":163,"column":3}},"type":"if","locations":[{"start":{"line":157,"column":2},"end":{"line":163,"column":3}},{"start":{},"end":{}}],"line":157},"26":{"loc":{"start":{"line":158,"column":4},"end":{"line":160,"column":26}},"type":"binary-expr","locations":[{"start":{"line":158,"column":4},"end":{"line":158,"column":22}},{"start":{"line":159,"column":4},"end":{"line":159,"column":34}},{"start":{"line":160,"column":4},"end":{"line":160,"column":26}}],"line":158},"27":{"loc":{"start":{"line":170,"column":2},"end":{"line":172,"column":3}},"type":"if","locations":[{"start":{"line":170,"column":2},"end":{"line":172,"column":3}},{"start":{},"end":{}}],"line":170}},"s":{"0":11,"1":3,"2":8,"3":2,"4":6,"5":6,"6":4,"7":2,"8":3,"9":3,"10":1,"11":1,"12":2,"13":1,"14":1,"15":1,"16":4,"17":4,"18":3,"19":4,"20":4,"21":1,"22":3,"23":1,"24":2,"25":6,"26":1,"27":5,"28":1,"29":4,"30":4,"31":2,"32":2,"33":6,"34":2,"35":1,"36":0,"37":1,"38":1,"39":0,"40":1,"41":0,"42":1,"43":1,"44":0,"45":1,"46":1,"47":0,"48":1,"49":1,"50":1,"51":4,"52":4,"53":1,"54":1,"55":3,"56":0,"57":3,"58":2,"59":1,"60":1,"61":0,"62":1},"f":{"0":11,"1":3,"2":4,"3":4,"4":3,"5":6,"6":6,"7":1,"8":1,"9":1,"10":4},"b":{"0":[3,8],"1":[11,9],"2":[2,6],"3":[8,7],"4":[4,2],"5":[6,4],"6":[1,1],"7":[3,1],"8":[1,2],"9":[1,5],"10":[6,5],"11":[1,4],"12":[5,4],"13":[2,2],"14":[4,3],"15":[0,1],"16":[0,1],"17":[1,1],"18":[0,1],"19":[1,1],"20":[0,1],"21":[1,1],"22":[0,1],"23":[0,3],"24":[3,3],"25":[2,1],"26":[3,2,2],"27":[0,1]},"_coverageSchema":"1a1c01bbd47fc00a2c39e90264f33305004495a9","hash":"7adea7428dc16e70828b52821e43b373f5cc77d6"}
,"/Users/johannesreykdal/Desktop/Vefforritun 2/vef2-2025-v2/src/lib/quiet-io.js": {"path":"/Users/johannesreykdal/Desktop/Vefforritun 2/vef2-2025-v2/src/lib/quiet-io.js","statementMap":{},"fnMap":{},"branchMap":{},"s":{},"f":{},"b":{},"_coverageSchema":"1a1c01bbd47fc00a2c39e90264f33305004495a9","hash":"82661ef2cebf26e1a3e5fbc330553bc7829d045f"}
}
