TN:
SF:src/lib/db.js
FN:11,(anonymous_0)
FN:19,(anonymous_1)
FN:22,(anonymous_2)
FN:32,(anonymous_3)
FN:53,(anonymous_4)
FN:74,(anonymous_5)
FN:97,(anonymous_6)
FN:113,(anonymous_7)
FN:121,(anonymous_8)
FN:133,(anonymous_9)
FN:141,(anonymous_10)
FN:153,(anonymous_11)
FN:194,(anonymous_12)
FN:205,(anonymous_13)
FN:224,getDatabase
FNF:15
FNH:6
FNDA:9,(anonymous_0)
FNDA:6,(anonymous_1)
FNDA:1,(anonymous_2)
FNDA:3,(anonymous_3)
FNDA:4,(anonymous_4)
FNDA:2,(anonymous_5)
FNDA:0,(anonymous_6)
FNDA:0,(anonymous_7)
FNDA:0,(anonymous_8)
FNDA:0,(anonymous_9)
FNDA:0,(anonymous_10)
FNDA:0,(anonymous_11)
FNDA:0,(anonymous_12)
FNDA:0,(anonymous_13)
FNDA:0,getDatabase
DA:12,9
DA:13,9
DA:17,9
DA:20,6
DA:22,6
DA:23,1
DA:24,1
DA:33,3
DA:34,1
DA:35,1
DA:38,2
DA:39,2
DA:40,2
DA:42,0
DA:43,0
DA:45,2
DA:54,4
DA:55,1
DA:56,1
DA:59,3
DA:60,3
DA:61,2
DA:63,1
DA:64,1
DA:75,2
DA:77,2
DA:78,1
DA:81,1
DA:82,1
DA:83,1
DA:85,0
DA:86,0
DA:88,1
DA:98,0
DA:102,0
DA:103,0
DA:104,0
DA:106,0
DA:114,0
DA:115,0
DA:116,0
DA:118,0
DA:122,0
DA:126,0
DA:127,0
DA:128,0
DA:130,0
DA:134,0
DA:135,0
DA:136,0
DA:138,0
DA:142,0
DA:146,0
DA:147,0
DA:148,0
DA:150,0
DA:154,0
DA:155,0
DA:161,0
DA:162,0
DA:163,0
DA:164,0
DA:165,0
DA:173,0
DA:174,0
DA:175,0
DA:176,0
DA:180,0
DA:182,0
DA:186,0
DA:189,0
DA:191,0
DA:195,0
DA:199,0
DA:200,0
DA:202,0
DA:206,0
DA:210,0
DA:211,0
DA:213,0
DA:218,1
DA:225,0
DA:226,0
DA:229,0
DA:231,0
DA:232,0
DA:234,0
DA:235,0
DA:237,0
LF:89
LH:30
BRDA:33,0,0,1
BRDA:33,0,1,2
BRDA:54,1,0,1
BRDA:54,1,1,3
BRDA:74,2,0,2
BRDA:77,3,0,1
BRDA:77,3,1,1
BRDA:102,4,0,0
BRDA:102,4,1,0
BRDA:102,5,0,0
BRDA:102,5,1,0
BRDA:115,6,0,0
BRDA:115,6,1,0
BRDA:115,7,0,0
BRDA:115,7,1,0
BRDA:115,8,0,0
BRDA:115,8,1,0
BRDA:126,9,0,0
BRDA:126,9,1,0
BRDA:126,10,0,0
BRDA:126,10,1,0
BRDA:135,11,0,0
BRDA:135,11,1,0
BRDA:135,12,0,0
BRDA:135,12,1,0
BRDA:135,13,0,0
BRDA:135,13,1,0
BRDA:146,14,0,0
BRDA:146,14,1,0
BRDA:146,15,0,0
BRDA:146,15,1,0
BRDA:161,16,0,0
BRDA:161,16,1,0
BRDA:161,17,0,0
BRDA:161,17,1,0
BRDA:161,18,0,0
BRDA:161,18,1,0
BRDA:173,19,0,0
BRDA:173,19,1,0
BRDA:173,20,0,0
BRDA:173,20,1,0
BRDA:173,21,0,0
BRDA:173,21,1,0
BRDA:199,22,0,0
BRDA:199,22,1,0
BRDA:199,23,0,0
BRDA:199,23,1,0
BRDA:199,24,0,0
BRDA:199,24,1,0
BRDA:210,25,0,0
BRDA:210,25,1,0
BRDA:210,26,0,0
BRDA:210,26,1,0
BRDA:210,27,0,0
BRDA:210,27,1,0
BRDA:225,28,0,0
BRDA:225,28,1,0
BRDA:231,29,0,0
BRDA:231,29,1,0
BRF:59
BRH:7
end_of_record
TN:
SF:src/lib/enviroment.js
FN:20,environment
FNF:1
FNH:1
FNDA:5,environment
DA:2,2
DA:11,2
DA:23,5
DA:24,2
DA:31,3
DA:33,3
DA:35,3
DA:36,1
DA:39,1
DA:42,3
DA:43,2
DA:44,2
DA:48,3
DA:49,3
DA:50,1
DA:51,1
DA:52,1
DA:53,2
DA:54,1
DA:56,1
DA:57,1
DA:60,3
DA:61,2
DA:66,1
DA:68,1
DA:70,1
DA:76,1
LF:27
LH:27
BRDA:23,0,0,2
BRDA:23,0,1,3
BRDA:35,1,0,1
BRDA:35,1,1,2
BRDA:35,2,0,3
BRDA:35,2,1,2
BRDA:42,3,0,2
BRDA:42,3,1,1
BRDA:42,4,0,3
BRDA:42,4,1,1
BRDA:48,5,0,3
BRDA:48,5,1,1
BRDA:49,6,0,1
BRDA:49,6,1,2
BRDA:49,7,0,3
BRDA:49,7,1,2
BRDA:53,8,0,1
BRDA:53,8,1,1
BRDA:60,9,0,2
BRDA:60,9,1,1
BRF:20
BRH:20
end_of_record
TN:
SF:src/lib/file.js
FN:8,direxists
FN:26,createDirIfNotExists
FN:44,readFile
FNF:3
FNH:2
FNDA:3,direxists
FNDA:0,createDirIfNotExists
FNDA:2,readFile
DA:9,3
DA:10,1
DA:13,2
DA:14,2
DA:15,1
DA:17,1
DA:18,1
DA:27,0
DA:28,0
DA:29,0
DA:31,0
DA:33,0
DA:34,0
DA:45,2
DA:46,2
DA:48,1
DA:50,1
DA:51,1
LF:18
LH:12
BRDA:9,0,0,1
BRDA:9,0,1,2
BRDA:28,1,0,0
BRDA:28,1,1,0
BRDA:44,2,0,2
BRDA:44,3,0,2
BRF:6
BRH:4
end_of_record
TN:
SF:src/lib/handlers.js
FN:6,handler404
FN:18,handlerError
FNF:2
FNH:2
FNDA:1,handler404
FNDA:1,handlerError
DA:7,1
DA:8,1
DA:19,1
DA:20,1
DA:22,1
LF:5
LH:5
BRF:0
BRH:0
end_of_record
TN:
SF:src/lib/logger.js
FN:2,(anonymous_0)
FN:6,(anonymous_1)
FN:13,(anonymous_2)
FNF:3
FNH:3
FNDA:6,(anonymous_0)
FNDA:2,(anonymous_1)
FNDA:2,(anonymous_2)
DA:3,6
DA:7,2
DA:8,1
DA:10,1
DA:14,2
DA:15,1
DA:17,1
DA:21,2
LF:8
LH:8
BRDA:2,0,0,4
BRDA:7,1,0,1
BRDA:7,1,1,1
BRDA:14,2,0,1
BRDA:14,2,1,1
BRF:5
BRH:5
end_of_record
TN:
SF:src/lib/parse.js
FN:12,parseIndexFileItem
FN:36,parseIndexFile
FN:52,(anonymous_2)
FN:61,(anonymous_3)
FN:71,parseAnswers
FN:77,(anonymous_5)
FN:94,(anonymous_6)
FN:104,parseQuestions
FN:110,(anonymous_8)
FN:133,(anonymous_9)
FN:143,parseQuestionCategory
FNF:11
FNH:11
FNDA:11,parseIndexFileItem
FNDA:3,parseIndexFile
FNDA:4,(anonymous_2)
FNDA:4,(anonymous_3)
FNDA:3,parseAnswers
FNDA:6,(anonymous_5)
FNDA:6,(anonymous_6)
FNDA:1,parseQuestions
FNDA:1,(anonymous_8)
FNDA:1,(anonymous_9)
FNDA:4,parseQuestionCategory
DA:13,11
DA:14,3
DA:17,8
DA:18,2
DA:21,6
DA:23,6
DA:24,4
DA:27,2
DA:39,3
DA:40,3
DA:42,1
DA:43,1
DA:46,2
DA:47,1
DA:48,1
DA:51,1
DA:53,4
DA:55,4
DA:56,3
DA:59,4
DA:61,4
DA:63,1
DA:72,3
DA:73,1
DA:76,2
DA:78,6
DA:79,1
DA:82,5
DA:83,1
DA:86,4
DA:88,4
DA:89,2
DA:92,2
DA:94,6
DA:96,2
DA:105,1
DA:106,0
DA:109,1
DA:111,1
DA:112,0
DA:115,1
DA:116,0
DA:119,1
DA:121,1
DA:122,0
DA:125,1
DA:127,1
DA:128,0
DA:131,1
DA:133,1
DA:135,1
DA:146,4
DA:147,4
DA:149,1
DA:150,1
DA:153,3
DA:154,0
DA:157,3
DA:162,2
DA:165,1
DA:170,1
DA:171,0
DA:174,1
LF:63
LH:56
BRDA:13,0,0,3
BRDA:13,0,1,8
BRDA:13,1,0,11
BRDA:13,1,1,9
BRDA:17,2,0,2
BRDA:17,2,1,6
BRDA:17,3,0,8
BRDA:17,3,1,7
BRDA:23,4,0,4
BRDA:23,4,1,2
BRDA:23,5,0,6
BRDA:23,5,1,4
BRDA:46,6,0,1
BRDA:46,6,1,1
BRDA:55,7,0,3
BRDA:55,7,1,1
BRDA:72,8,0,1
BRDA:72,8,1,2
BRDA:78,9,0,1
BRDA:78,9,1,5
BRDA:78,10,0,6
BRDA:78,10,1,5
BRDA:82,11,0,1
BRDA:82,11,1,4
BRDA:82,12,0,5
BRDA:82,12,1,4
BRDA:88,13,0,2
BRDA:88,13,1,2
BRDA:88,14,0,4
BRDA:88,14,1,3
BRDA:105,15,0,0
BRDA:105,15,1,1
BRDA:111,16,0,0
BRDA:111,16,1,1
BRDA:111,17,0,1
BRDA:111,17,1,1
BRDA:115,18,0,0
BRDA:115,18,1,1
BRDA:115,19,0,1
BRDA:115,19,1,1
BRDA:121,20,0,0
BRDA:121,20,1,1
BRDA:121,21,0,1
BRDA:121,21,1,1
BRDA:127,22,0,0
BRDA:127,22,1,1
BRDA:153,23,0,0
BRDA:153,23,1,3
BRDA:153,24,0,3
BRDA:153,24,1,3
BRDA:157,25,0,2
BRDA:157,25,1,1
BRDA:158,26,0,3
BRDA:158,26,1,2
BRDA:158,26,2,2
BRDA:170,27,0,0
BRDA:170,27,1,1
BRF:57
BRH:50
end_of_record
TN:
SF:src/lib/quiet-io.js
FNF:0
FNH:0
LF:0
LH:0
BRF:0
BRH:0
end_of_record
